e:\work\wpcapsrc_4_1_3\examples-pcap\release\x86\vc140.pdb
e:\work\wpcapsrc_4_1_3\examples-pcap\release\x86\udpdump.obj
e:\work\wpcapsrc_4_1_3\examples-pcap\release\x86\udpdump.exe
e:\work\wpcapsrc_4_1_3\examples-pcap\release\x86\udpdump.ipdb
e:\work\wpcapsrc_4_1_3\examples-pcap\release\x86\udpdump.iobj
e:\work\wpcapsrc_4_1_3\examples-pcap\release\x86\udpdump.pdb
e:\work\wpcapsrc_4_1_3\examples-pcap\release\x86\basic_dump.obj
e:\work\wpcapsrc_4_1_3\examples-pcap\release\x86\basic_dump_ex.obj
e:\work\wpcapsrc_4_1_3\examples-pcap\release\x86\iflist.obj
e:\work\wpcapsrc_4_1_3\examples-pcap\release\x86\pcap_filter.obj
e:\work\wpcapsrc_4_1_3\examples-pcap\release\x86\pktdump_ex.obj
e:\work\wpcapsrc_4_1_3\examples-pcap\release\x86\readfile.obj
e:\work\wpcapsrc_4_1_3\examples-pcap\release\x86\readfile_ex.obj
e:\work\wpcapsrc_4_1_3\examples-pcap\release\x86\savedump.obj
e:\work\wpcapsrc_4_1_3\examples-pcap\release\x86\sendpack.obj
e:\work\wpcapsrc_4_1_3\examples-pcap\release\x86\basic_dump.ipdb
e:\work\wpcapsrc_4_1_3\examples-pcap\release\x86\basic_dump_ex.ipdb
e:\work\wpcapsrc_4_1_3\examples-pcap\release\x86\iflist.ipdb
e:\work\wpcapsrc_4_1_3\examples-pcap\release\x86\pcap_filter.ipdb
e:\work\wpcapsrc_4_1_3\examples-pcap\release\x86\pktdump_ex.ipdb
e:\work\wpcapsrc_4_1_3\examples-pcap\release\x86\readfile.ipdb
e:\work\wpcapsrc_4_1_3\examples-pcap\release\x86\readfile_ex.ipdb
e:\work\wpcapsrc_4_1_3\examples-pcap\release\x86\savedump.ipdb
e:\work\wpcapsrc_4_1_3\examples-pcap\release\x86\sendpack.ipdb
e:\work\wpcapsrc_4_1_3\examples-pcap\release\x86\basic_dump.iobj
e:\work\wpcapsrc_4_1_3\examples-pcap\release\x86\basic_dump_ex.iobj
e:\work\wpcapsrc_4_1_3\examples-pcap\release\x86\iflist.iobj
e:\work\wpcapsrc_4_1_3\examples-pcap\release\x86\pcap_filter.iobj
e:\work\wpcapsrc_4_1_3\examples-pcap\release\x86\pktdump_ex.iobj
e:\work\wpcapsrc_4_1_3\examples-pcap\release\x86\readfile.iobj
e:\work\wpcapsrc_4_1_3\examples-pcap\release\x86\readfile_ex.iobj
e:\work\wpcapsrc_4_1_3\examples-pcap\release\x86\savedump.iobj
e:\work\wpcapsrc_4_1_3\examples-pcap\release\x86\sendpack.iobj
e:\work\wpcapsrc_4_1_3\examples-pcap\release\x86\basic_dump.pdb
e:\work\wpcapsrc_4_1_3\examples-pcap\release\x86\basic_dump_ex.pdb
e:\work\wpcapsrc_4_1_3\examples-pcap\release\x86\iflist.pdb
e:\work\wpcapsrc_4_1_3\examples-pcap\release\x86\pcap_filter.pdb
e:\work\wpcapsrc_4_1_3\examples-pcap\release\x86\pktdump_ex.pdb
e:\work\wpcapsrc_4_1_3\examples-pcap\release\x86\readfile.pdb
e:\work\wpcapsrc_4_1_3\examples-pcap\release\x86\readfile_ex.pdb
e:\work\wpcapsrc_4_1_3\examples-pcap\release\x86\savedump.pdb
e:\work\wpcapsrc_4_1_3\examples-pcap\release\x86\sendpack.pdb
e:\work\wpcapsrc_4_1_3\examples-pcap\\release\x86\udpdump.pdb
e:\work\wpcapsrc_4_1_3\examples-pcap\\release\x86\udpdump.exe
e:\work\wpcapsrc_4_1_3\examples-pcap\release\x86\udpdump.tlog\cl.command.1.tlog
e:\work\wpcapsrc_4_1_3\examples-pcap\release\x86\udpdump.tlog\cl.read.1.tlog
e:\work\wpcapsrc_4_1_3\examples-pcap\release\x86\udpdump.tlog\cl.write.1.tlog
e:\work\wpcapsrc_4_1_3\examples-pcap\release\x86\udpdump.tlog\link.command.1.tlog
e:\work\wpcapsrc_4_1_3\examples-pcap\release\x86\udpdump.tlog\link.read.1.tlog
e:\work\wpcapsrc_4_1_3\examples-pcap\release\x86\udpdump.tlog\link.write.1.tlog
